<?xml version="1.0" encoding="UTF-8"?>
<testng-results ignored="0" total="1" passed="1" failed="0" skipped="0">
  <reporter-output>
  </reporter-output>
  <suite started-at="2022-09-02T05:05:35Z" name="sanityTest" finished-at="2022-09-02T05:05:43Z" duration-ms="8162">
    <groups>
      <group name="cucumber">
        <method signature="AbstractTestNGCucumberTests.runScenario(io.cucumber.testng.PickleWrapper, io.cucumber.testng.FeatureWrapper)[pri:0, instance:com.zoopla.myrunner.MyRunner@5495333e]" name="runScenario" class="io.cucumber.testng.AbstractTestNGCucumberTests"/>
      </group> <!-- cucumber -->
    </groups>
    <test started-at="2022-09-02T05:05:35Z" name="Zoopla.LoginE2E" finished-at="2022-09-02T05:05:43Z" duration-ms="8162">
      <class name="com.zoopla.myrunner.MyRunner">
        <test-method is-config="true" signature="setUpClass()[pri:0, instance:com.zoopla.myrunner.MyRunner@5495333e]" started-at="2022-09-02T05:05:35Z" name="setUpClass" finished-at="2022-09-02T05:05:35Z" duration-ms="375" status="PASS">
          <reporter-output>
          </reporter-output>
        </test-method> <!-- setUpClass -->
        <test-method signature="runScenario(io.cucumber.testng.PickleWrapper, io.cucumber.testng.FeatureWrapper)[pri:0, instance:com.zoopla.myrunner.MyRunner@5495333e]" started-at="2022-09-02T05:05:35Z" name="runScenario" description="Runs Cucumber Scenarios" data-provider="scenarios" finished-at="2022-09-02T05:05:43Z" duration-ms="7683" status="PASS">
          <params>
            <param index="0">
              <value>
                <![CDATA["Valid user able to use valid username and password to login the application"]]>
              </value>
            </param>
            <param index="1">
              <value>
                <![CDATA["Optional[Valid user able to login application with valid credintatial and buy house]"]]>
              </value>
            </param>
          </params>
          <reporter-output>
          </reporter-output>
        </test-method> <!-- runScenario -->
        <test-method is-config="true" signature="tearDownClass()[pri:0, instance:com.zoopla.myrunner.MyRunner@5495333e]" started-at="2022-09-02T05:05:43Z" name="tearDownClass" finished-at="2022-09-02T05:05:43Z" duration-ms="84" status="PASS">
          <reporter-output>
          </reporter-output>
        </test-method> <!-- tearDownClass -->
      </class> <!-- com.zoopla.myrunner.MyRunner -->
    </test> <!-- Zoopla.LoginE2E -->
  </suite> <!-- sanityTest -->
</testng-results>
